<?xml version="1.0" encoding="UTF-8"?>
<testng-results skipped="0" failed="0" ignored="0" total="2" passed="2">
  <reporter-output>
  </reporter-output>
  <suite name="Default suite" duration-ms="91765" started-at="2017-12-01T10:32:02Z" finished-at="2017-12-01T10:33:34Z">
    <groups>
    </groups>
    <test name="Default test" duration-ms="91765" started-at="2017-12-01T10:32:02Z" finished-at="2017-12-01T10:33:34Z">
      <class name="com.greekxp.UniversityLogin">
        <test-method status="PASS" signature="UniversityLogin()[pri:0, instance:com.greekxp.UniversityLogin@4f7d0008]" name="UniversityLogin" duration-ms="38458" started-at="2017-12-01T16:02:02Z" finished-at="2017-12-01T16:02:41Z">
          <reporter-output>
          </reporter-output>
        </test-method> <!-- UniversityLogin -->
        <test-method status="PASS" signature="UniversityLogin()[pri:0, instance:com.greekxp.UniversityLogin@4f7d0008]" name="UniversityLogin" duration-ms="53251" started-at="2017-12-01T16:02:41Z" finished-at="2017-12-01T16:03:34Z">
          <reporter-output>
          </reporter-output>
        </test-method> <!-- UniversityLogin -->
      </class> <!-- com.greekxp.UniversityLogin -->
    </test> <!-- Default test -->
  </suite> <!-- Default suite -->
</testng-results>
