<?xml version="1.0" encoding="UTF-8"?>
<!-- Generated by org.testng.reporters.JUnitXMLReporter -->
<testsuite hostname="oci3-To-be-filled-by-O-E-M" ignored="0" name="Test" tests="1" failures="0" timestamp="24 Nov 2017 08:21:12 GMT" time="0.033" errors="0">
  <testcase name="@BeforeTest beforeTest" time="0.0" classname="com.greekxp.UniversityLogin">
    <failure type="org.testng.TestNGException" message="
Can inject only one of &amp;lt;ITestContext, XmlTest&amp;gt; into a @BeforeTest annotated beforeTest.
For more information on native dependency injection please refer to http://testng.org/doc/documentation-main.html#native-dependency-injection">
      <![CDATA[org.testng.TestNGException: 
Can inject only one of <ITestContext, XmlTest> into a @BeforeTest annotated beforeTest.
For more information on native dependency injection please refer to http://testng.org/doc/documentation-main.html#native-dependency-injection
... Removed 21 stack frames]]>
    </failure>
  </testcase> <!-- @BeforeTest beforeTest -->
  <testcase name="testUniversityLogin" time="0.0" classname="com.greekxp.UniversityLogin">
    <skipped/>
  </testcase> <!-- testUniversityLogin -->
</testsuite> <!-- Test -->
